# JRE version: Java(TM) SE Runtime Environment (16.0+36) (build 16+36-2231)
# Java VM: Java HotSpot(TM) 64-Bit Server VM (16+36-2231, mixed mode, sharing, tiered, compressed oops, g1 gc, windows-amd64)
GC Precious Log:
 CPUs: 12 total, 12 available
 Memory: 16344M
 Large Page Support: Disabled
 NUMA Support: Disabled
 Compressed Oops: Enabled (32-bit)
 Heap Region Size: 1M
 Heap Min Capacity: 8M
 Heap Initial Capacity: 256M
 Heap Max Capacity: 300M
 Pre-touch: Disabled
 Parallel Workers: 10
 Concurrent Workers: 3
 Concurrent Refinement Workers: 10
 Periodic GC: Disabled
Heap:
 garbage-first heap   total 256000K, used 101726K [0x00000000ed400000, 0x0000000100000000)
  region size 1024K, 21 young (21504K), 0 survivors (0K)
 Metaspace       used 10833K, committed 11008K, reserved 1064960K
  class space    used 946K, committed 1024K, reserved 1048576K
GC Heap History (20 events):
Event: 4303.874 GC heap before
{Heap before GC invocations=123 (full 104):
 garbage-first heap   total 256000K, used 95582K [0x00000000ed400000, 0x0000000100000000)
  region size 1024K, 13 young (13312K), 0 survivors (0K)
 Metaspace       used 10799K, committed 10944K, reserved 1064960K
  class space    used 945K, committed 1024K, reserved 1048576K
}
Event: 4303.897 GC heap after
{Heap after GC invocations=124 (full 105):
 garbage-first heap   total 256000K, used 75181K [0x00000000ed400000, 0x0000000100000000)
  region size 1024K, 0 young (0K), 0 survivors (0K)
 Metaspace       used 10799K, committed 10944K, reserved 1064960K
  class space    used 945K, committed 1024K, reserved 1048576K
}
Event: 4303.919 GC heap before
{Heap before GC invocations=124 (full 105):
 garbage-first heap   total 256000K, used 92589K [0x00000000ed400000, 0x0000000100000000)
  region size 1024K, 18 young (18432K), 0 survivors (0K)
 Metaspace       used 10800K, committed 10944K, reserved 1064960K
  class space    used 945K, committed 1024K, reserved 1048576K
}
Event: 4303.944 GC heap after
{Heap after GC invocations=125 (full 106):
 garbage-first heap   total 256000K, used 84876K [0x00000000ed400000, 0x0000000100000000)
  region size 1024K, 0 young (0K), 0 survivors (0K)
 Metaspace       used 10800K, committed 10944K, reserved 1064960K
  class space    used 945K, committed 1024K, reserved 1048576K
}
Event: 4311.356 GC heap before
{Heap before GC invocations=125 (full 106):
 garbage-first heap   total 256000K, used 96140K [0x00000000ed400000, 0x0000000100000000)
  region size 1024K, 13 young (13312K), 0 survivors (0K)
 Metaspace       used 10803K, committed 10944K, reserved 1064960K
  class space    used 945K, committed 1024K, reserved 1048576K
}
Event: 4311.379 GC heap after
{Heap after GC invocations=126 (full 107):
 garbage-first heap   total 256000K, used 75084K [0x00000000ed400000, 0x0000000100000000)
  region size 1024K, 0 young (0K), 0 survivors (0K)
 Metaspace       used 10803K, committed 10944K, reserved 1064960K
  class space    used 945K, committed 1024K, reserved 1048576K
}
Event: 4311.395 GC heap before
{Heap before GC invocations=126 (full 107):
 garbage-first heap   total 256000K, used 88396K [0x00000000ed400000, 0x0000000100000000)
  region size 1024K, 14 young (14336K), 0 survivors (0K)
 Metaspace       used 10803K, committed 10944K, reserved 1064960K
  class space    used 945K, committed 1024K, reserved 1048576K
}
Event: 4311.419 GC heap after
{Heap after GC invocations=127 (full 108):
 garbage-first heap   total 256000K, used 82362K [0x00000000ed400000, 0x0000000100000000)
  region size 1024K, 0 young (0K), 0 survivors (0K)
 Metaspace       used 10803K, committed 10944K, reserved 1064960K
  class space    used 945K, committed 1024K, reserved 1048576K
}
Event: 4340.221 GC heap before
{Heap before GC invocations=127 (full 108):
 garbage-first heap   total 256000K, used 100794K [0x00000000ed400000, 0x0000000100000000)
  region size 1024K, 20 young (20480K), 0 survivors (0K)
 Metaspace       used 10819K, committed 11008K, reserved 1064960K
  class space    used 945K, committed 1024K, reserved 1048576K
}
Event: 4340.243 GC heap after
{Heap after GC invocations=128 (full 109):
 garbage-first heap   total 256000K, used 80222K [0x00000000ed400000, 0x0000000100000000)
  region size 1024K, 0 young (0K), 0 survivors (0K)
 Metaspace       used 10819K, committed 11008K, reserved 1064960K
  class space    used 945K, committed 1024K, reserved 1048576K
}
Event: 4360.102 GC heap before
{Heap before GC invocations=128 (full 109):
 garbage-first heap   total 256000K, used 95582K [0x00000000ed400000, 0x0000000100000000)
  region size 1024K, 13 young (13312K), 0 survivors (0K)
 Metaspace       used 10824K, committed 11008K, reserved 1064960K
  class space    used 945K, committed 1024K, reserved 1048576K
}
Event: 4360.123 GC heap after
{Heap after GC invocations=129 (full 110):
 garbage-first heap   total 256000K, used 75181K [0x00000000ed400000, 0x0000000100000000)
  region size 1024K, 0 young (0K), 0 survivors (0K)
 Metaspace       used 10824K, committed 11008K, reserved 1064960K
  class space    used 945K, committed 1024K, reserved 1048576K
}
Event: 4360.146 GC heap before
{Heap before GC invocations=129 (full 110):
 garbage-first heap   total 256000K, used 92589K [0x00000000ed400000, 0x0000000100000000)
  region size 1024K, 18 young (18432K), 0 survivors (0K)
 Metaspace       used 10824K, committed 11008K, reserved 1064960K
  class space    used 945K, committed 1024K, reserved 1048576K
}
Event: 4360.173 GC heap after
{Heap after GC invocations=130 (full 111):
 garbage-first heap   total 256000K, used 84876K [0x00000000ed400000, 0x0000000100000000)
  region size 1024K, 0 young (0K), 0 survivors (0K)
 Metaspace       used 10824K, committed 11008K, reserved 1064960K
  class space    used 945K, committed 1024K, reserved 1048576K
}
Event: 4366.386 GC heap before
{Heap before GC invocations=130 (full 111):
 garbage-first heap   total 256000K, used 95116K [0x00000000ed400000, 0x0000000100000000)
  region size 1024K, 12 young (12288K), 0 survivors (0K)
 Metaspace       used 10825K, committed 11008K, reserved 1064960K
  class space    used 945K, committed 1024K, reserved 1048576K
}
Event: 4366.408 GC heap after
{Heap after GC invocations=131 (full 112):
 garbage-first heap   total 256000K, used 75084K [0x00000000ed400000, 0x0000000100000000)
  region size 1024K, 0 young (0K), 0 survivors (0K)
 Metaspace       used 10825K, committed 11008K, reserved 1064960K
  class space    used 945K, committed 1024K, reserved 1048576K
}
Event: 4366.425 GC heap before
{Heap before GC invocations=131 (full 112):
 garbage-first heap   total 256000K, used 88396K [0x00000000ed400000, 0x0000000100000000)
  region size 1024K, 14 young (14336K), 0 survivors (0K)
 Metaspace       used 10825K, committed 11008K, reserved 1064960K
  class space    used 945K, committed 1024K, reserved 1048576K
}
Event: 4366.450 GC heap after
{Heap after GC invocations=132 (full 113):
 garbage-first heap   total 256000K, used 82362K [0x00000000ed400000, 0x0000000100000000)
  region size 1024K, 0 young (0K), 0 survivors (0K)
 Metaspace       used 10825K, committed 11008K, reserved 1064960K
  class space    used 945K, committed 1024K, reserved 1048576K
}
Event: 4395.879 GC heap before
{Heap before GC invocations=132 (full 113):
 garbage-first heap   total 256000K, used 101818K [0x00000000ed400000, 0x0000000100000000)
  region size 1024K, 21 young (21504K), 0 survivors (0K)
 Metaspace       used 10829K, committed 11008K, reserved 1064960K
  class space    used 945K, committed 1024K, reserved 1048576K
}
Event: 4395.903 GC heap after
{Heap after GC invocations=133 (full 114):
 garbage-first heap   total 256000K, used 80222K [0x00000000ed400000, 0x0000000100000000)
  region size 1024K, 0 young (0K), 0 survivors (0K)
 Metaspace       used 10829K, committed 11008K, reserved 1064960K
  class space    used 945K, committed 1024K, reserved 1048576K
}

